[2023-04-18 11:53:49] local.ERROR: Call to undefined function Symfony\Polyfill\Mbstring\iconv_substr() {"exception":"[object] (Error(code: 0): Call to undefined function Symfony\\Polyfill\\Mbstring\\iconv_substr() at /home/jlk72023lwoffice/crm.jlklawoffice.com/vendor/symfony/polyfill-mbstring/Mbstring.php:636)
[stacktrace]
#0 /home/jlk72023lwoffice/crm.jlklawoffice.com/vendor/symfony/polyfill-mbstring/bootstrap80.php(72): Symfony\\Polyfill\\Mbstring\\Mbstring::mb_substr('eloquent', 0, 1, 'UTF-8')
#1 /home/jlk72023lwoffice/crm.jlklawoffice.com/vendor/laravel/framework/src/Illuminate/Support/Str.php(1211): mb_substr('eloquent', 0, 1, 'UTF-8')
#2 /home/jlk72023lwoffice/crm.jlklawoffice.com/vendor/laravel/framework/src/Illuminate/Support/Str.php(1281): Illuminate\\Support\\Str::substr('eloquent', 0, 1)
#3 /home/jlk72023lwoffice/crm.jlklawoffice.com/vendor/laravel/framework/src/Illuminate/Support/Str.php(1195): Illuminate\\Support\\Str::ucfirst('eloquent')
#4 [internal function]: Illuminate\\Support\\Str::Illuminate\\Support\\{closure}('eloquent')
#5 /home/jlk72023lwoffice/crm.jlklawoffice.com/vendor/laravel/framework/src/Illuminate/Support/Str.php(1195): array_map(Object(Closure), Array)
#6 /home/jlk72023lwoffice/crm.jlklawoffice.com/vendor/laravel/framework/src/Illuminate/Support/Str.php(216): Illuminate\\Support\\Str::studly('eloquent')
#7 /home/jlk72023lwoffice/crm.jlklawoffice.com/vendor/yajra/laravel-datatables-oracle/src/DataTablesServiceProvider.php(46): Illuminate\\Support\\Str::camel('eloquent')
#8 /home/jlk72023lwoffice/crm.jlklawoffice.com/vendor/laravel/framework/src/Illuminate/Container/BoundMethod.php(36): Yajra\\DataTables\\DataTablesServiceProvider->boot()
#9 /home/jlk72023lwoffice/crm.jlklawoffice.com/vendor/laravel/framework/src/Illuminate/Container/Util.php(41): Illuminate\\Container\\BoundMethod::Illuminate\\Container\\{closure}()
#10 /home/jlk72023lwoffice/crm.jlklawoffice.com/vendor/laravel/framework/src/Illuminate/Container/BoundMethod.php(93): Illuminate\\Container\\Util::unwrapIfClosure(Object(Closure))
#11 /home/jlk72023lwoffice/crm.jlklawoffice.com/vendor/laravel/framework/src/Illuminate/Container/BoundMethod.php(35): Illuminate\\Container\\BoundMethod::callBoundMethod(Object(Illuminate\\Foundation\\Application), Array, Object(Closure))
#12 /home/jlk72023lwoffice/crm.jlklawoffice.com/vendor/laravel/framework/src/Illuminate/Container/Container.php(662): Illuminate\\Container\\BoundMethod::call(Object(Illuminate\\Foundation\\Application), Array, Array, NULL)
#13 /home/jlk72023lwoffice/crm.jlklawoffice.com/vendor/laravel/framework/src/Illuminate/Foundation/Application.php(1006): Illuminate\\Container\\Container->call(Array)
#14 /home/jlk72023lwoffice/crm.jlklawoffice.com/vendor/laravel/framework/src/Illuminate/Foundation/Application.php(987): Illuminate\\Foundation\\Application->bootProvider(Object(Yajra\\DataTables\\DataTablesServiceProvider))
#15 [internal function]: Illuminate\\Foundation\\Application->Illuminate\\Foundation\\{closure}(Object(Yajra\\DataTables\\DataTablesServiceProvider), 25)
#16 /home/jlk72023lwoffice/crm.jlklawoffice.com/vendor/laravel/framework/src/Illuminate/Foundation/Application.php(986): array_walk(Array, Object(Closure))
#17 /home/jlk72023lwoffice/crm.jlklawoffice.com/vendor/laravel/framework/src/Illuminate/Foundation/Bootstrap/BootProviders.php(17): Illuminate\\Foundation\\Application->boot()
#18 /home/jlk72023lwoffice/crm.jlklawoffice.com/vendor/laravel/framework/src/Illuminate/Foundation/Application.php(261): Illuminate\\Foundation\\Bootstrap\\BootProviders->bootstrap(Object(Illuminate\\Foundation\\Application))
#19 /home/jlk72023lwoffice/crm.jlklawoffice.com/vendor/laravel/framework/src/Illuminate/Foundation/Http/Kernel.php(186): Illuminate\\Foundation\\Application->bootstrapWith(Array)
#20 /home/jlk72023lwoffice/crm.jlklawoffice.com/vendor/laravel/framework/src/Illuminate/Foundation/Http/Kernel.php(170): Illuminate\\Foundation\\Http\\Kernel->bootstrap()
#21 /home/jlk72023lwoffice/crm.jlklawoffice.com/vendor/laravel/framework/src/Illuminate/Foundation/Http/Kernel.php(144): Illuminate\\Foundation\\Http\\Kernel->sendRequestThroughRouter(Object(Illuminate\\Http\\Request))
#22 /home/jlk72023lwoffice/crm.jlklawoffice.com/public/index.php(51): Illuminate\\Foundation\\Http\\Kernel->handle(Object(Illuminate\\Http\\Request))
#23 {main}
"} 
[2023-04-18 11:55:45] local.ERROR: Call to undefined function Symfony\Polyfill\Mbstring\iconv_substr() {"exception":"[object] (Error(code: 0): Call to undefined function Symfony\\Polyfill\\Mbstring\\iconv_substr() at /home/jlk72023lwoffice/crm.jlklawoffice.com/vendor/symfony/polyfill-mbstring/Mbstring.php:636)
[stacktrace]
#0 /home/jlk72023lwoffice/crm.jlklawoffice.com/vendor/symfony/polyfill-mbstring/bootstrap80.php(72): Symfony\\Polyfill\\Mbstring\\Mbstring::mb_substr('eloquent', 0, 1, 'UTF-8')
#1 /home/jlk72023lwoffice/crm.jlklawoffice.com/vendor/laravel/framework/src/Illuminate/Support/Str.php(1211): mb_substr('eloquent', 0, 1, 'UTF-8')
#2 /home/jlk72023lwoffice/crm.jlklawoffice.com/vendor/laravel/framework/src/Illuminate/Support/Str.php(1281): Illuminate\\Support\\Str::substr('eloquent', 0, 1)
#3 /home/jlk72023lwoffice/crm.jlklawoffice.com/vendor/laravel/framework/src/Illuminate/Support/Str.php(1195): Illuminate\\Support\\Str::ucfirst('eloquent')
#4 [internal function]: Illuminate\\Support\\Str::Illuminate\\Support\\{closure}('eloquent')
#5 /home/jlk72023lwoffice/crm.jlklawoffice.com/vendor/laravel/framework/src/Illuminate/Support/Str.php(1195): array_map(Object(Closure), Array)
#6 /home/jlk72023lwoffice/crm.jlklawoffice.com/vendor/laravel/framework/src/Illuminate/Support/Str.php(216): Illuminate\\Support\\Str::studly('eloquent')
#7 /home/jlk72023lwoffice/crm.jlklawoffice.com/vendor/yajra/laravel-datatables-oracle/src/DataTablesServiceProvider.php(46): Illuminate\\Support\\Str::camel('eloquent')
#8 /home/jlk72023lwoffice/crm.jlklawoffice.com/vendor/laravel/framework/src/Illuminate/Container/BoundMethod.php(36): Yajra\\DataTables\\DataTablesServiceProvider->boot()
#9 /home/jlk72023lwoffice/crm.jlklawoffice.com/vendor/laravel/framework/src/Illuminate/Container/Util.php(41): Illuminate\\Container\\BoundMethod::Illuminate\\Container\\{closure}()
#10 /home/jlk72023lwoffice/crm.jlklawoffice.com/vendor/laravel/framework/src/Illuminate/Container/BoundMethod.php(93): Illuminate\\Container\\Util::unwrapIfClosure(Object(Closure))
#11 /home/jlk72023lwoffice/crm.jlklawoffice.com/vendor/laravel/framework/src/Illuminate/Container/BoundMethod.php(35): Illuminate\\Container\\BoundMethod::callBoundMethod(Object(Illuminate\\Foundation\\Application), Array, Object(Closure))
#12 /home/jlk72023lwoffice/crm.jlklawoffice.com/vendor/laravel/framework/src/Illuminate/Container/Container.php(662): Illuminate\\Container\\BoundMethod::call(Object(Illuminate\\Foundation\\Application), Array, Array, NULL)
#13 /home/jlk72023lwoffice/crm.jlklawoffice.com/vendor/laravel/framework/src/Illuminate/Foundation/Application.php(1006): Illuminate\\Container\\Container->call(Array)
#14 /home/jlk72023lwoffice/crm.jlklawoffice.com/vendor/laravel/framework/src/Illuminate/Foundation/Application.php(987): Illuminate\\Foundation\\Application->bootProvider(Object(Yajra\\DataTables\\DataTablesServiceProvider))
#15 [internal function]: Illuminate\\Foundation\\Application->Illuminate\\Foundation\\{closure}(Object(Yajra\\DataTables\\DataTablesServiceProvider), 25)
#16 /home/jlk72023lwoffice/crm.jlklawoffice.com/vendor/laravel/framework/src/Illuminate/Foundation/Application.php(986): array_walk(Array, Object(Closure))
#17 /home/jlk72023lwoffice/crm.jlklawoffice.com/vendor/laravel/framework/src/Illuminate/Foundation/Bootstrap/BootProviders.php(17): Illuminate\\Foundation\\Application->boot()
#18 /home/jlk72023lwoffice/crm.jlklawoffice.com/vendor/laravel/framework/src/Illuminate/Foundation/Application.php(261): Illuminate\\Foundation\\Bootstrap\\BootProviders->bootstrap(Object(Illuminate\\Foundation\\Application))
#19 /home/jlk72023lwoffice/crm.jlklawoffice.com/vendor/laravel/framework/src/Illuminate/Foundation/Http/Kernel.php(186): Illuminate\\Foundation\\Application->bootstrapWith(Array)
#20 /home/jlk72023lwoffice/crm.jlklawoffice.com/vendor/laravel/framework/src/Illuminate/Foundation/Http/Kernel.php(170): Illuminate\\Foundation\\Http\\Kernel->bootstrap()
#21 /home/jlk72023lwoffice/crm.jlklawoffice.com/vendor/laravel/framework/src/Illuminate/Foundation/Http/Kernel.php(144): Illuminate\\Foundation\\Http\\Kernel->sendRequestThroughRouter(Object(Illuminate\\Http\\Request))
#22 /home/jlk72023lwoffice/crm.jlklawoffice.com/public/index.php(51): Illuminate\\Foundation\\Http\\Kernel->handle(Object(Illuminate\\Http\\Request))
#23 {main}
"} 
